<?xml version="1.0" encoding="UTF-8"?>
<!-- Generated by org.testng.reporters.JUnitReportReporter -->
<testsuite hostname="bhoomi" failures="0" tests="6" name="com.bankinternet.testcases.TC_AddCustomer_002" time="58.782" errors="0" timestamp="06 Jul 2024 02:16:40 GMT" skipped="0">
  <testcase classname="com.bankinternet.testcases.TC_AddCustomer_002" name="addNewCustomer" time="8.812"/>
  <testcase classname="com.bankinternet.testcases.TC_AddCustomer_002" name="addNewCustomer" time="8.706"/>
  <testcase classname="com.bankinternet.testcases.TC_AddCustomer_002" name="addNewCustomer" time="8.774"/>
  <testcase classname="com.bankinternet.testcases.TC_AddCustomer_002" name="addNewCustomer" time="12.778"/>
  <testcase classname="com.bankinternet.testcases.TC_AddCustomer_002" name="addNewCustomer" time="10.965"/>
  <testcase classname="com.bankinternet.testcases.TC_AddCustomer_002" name="addNewCustomer" time="8.747"/>
</testsuite> <!-- com.bankinternet.testcases.TC_AddCustomer_002 -->
