<?xml version="1.0" encoding="UTF-8"?>
<!-- Generated by org.testng.reporters.JUnitReportReporter -->
<testsuite hostname="bhoomi" failures="0" tests="2" name="com.bankinternet.testcases.TC_EditCustomer_003" time="8.355" errors="0" timestamp="06 Jul 2024 11:21:28 GMT" skipped="0">
  <testcase classname="com.bankinternet.testcases.TC_EditCustomer_003" name="EditCustomer" time="4.540"/>
  <testcase classname="com.bankinternet.testcases.TC_EditCustomer_003" name="EditCustomer" time="3.815"/>
</testsuite> <!-- com.bankinternet.testcases.TC_EditCustomer_003 -->
